app/build/outputs/logs/manifest-merger-debug-report.txt
-- Merging decision tree log ---
manifest
ADDED from src\main\AndroidManifest.xml:2:1-55:12
INJECTED from src\main\AndroidManifest.xml:2:1-55:12
INJECTED from src\main\AndroidManifest.xml:2:1-55:12
INJECTED from src\main\AndroidManifest.xml:2:1-55:12
INJECTED from src\main\AndroidManifest.xml:2:1-55:12
INJECTED from src\main\AndroidManifest.xml:2:1-55:12
INJECTED from src\main\AndroidManifest.xml:2:1-55:12
	package
		ADDED from src\main\AndroidManifest.xml:3:5-44
		INJECTED from src\main\AndroidManifest.xml
		INJECTED from src\main\AndroidManifest.xml
	android:versionName
		ADDED from src\main\AndroidManifest.xml:5:5-30
		INJECTED from src\main\AndroidManifest.xml
		INJECTED from src\main\AndroidManifest.xml
	xmlns:android
		ADDED from src\main\AndroidManifest.xml:2:11-69
	android:versionCode
		ADDED from src\main\AndroidManifest.xml:4:5-28
		INJECTED from src\main\AndroidManifest.xml
		INJECTED from src\main\AndroidManifest.xml
uses-permission#android.permission.ACCESS_WIFI_STATE
ADDED from src\main\AndroidManifest.xml:8:5-75
	android:name
		ADDED from src\main\AndroidManifest.xml:8:22-73
uses-permission#android.permission.CHANGE_WIFI_STATE
ADDED from src\main\AndroidManifest.xml:9:5-75
	android:name
		ADDED from src\main\AndroidManifest.xml:9:22-73
uses-permission#android.permission.RECORD_AUDIO
ADDED from src\main\AndroidManifest.xml:10:5-70
	android:name
		ADDED from src\main\AndroidManifest.xml:10:22-68
uses-permission#android.permission.WRITE_EXTERNAL_STORAGE
ADDED from src\main\AndroidManifest.xml:11:5-80
	android:name
		ADDED from src\main\AndroidManifest.xml:11:22-78
uses-permission#android.permission.RECEIVE_BOOT_COMPLETED
ADDED from src\main\AndroidManifest.xml:12:5-80
	android:name
		ADDED from src\main\AndroidManifest.xml:12:22-78
uses-permission#android.permission.READ_EXTERNAL_STORAGE
ADDED from src\main\AndroidManifest.xml:14:5-79
	android:name
		ADDED from src\main\AndroidManifest.xml:14:22-77
uses-permission#android.permission.WAKE_LOCK
ADDED from src\main\AndroidManifest.xml:15:5-67
	android:name
		ADDED from src\main\AndroidManifest.xml:15:22-65
application
ADDED from src\main\AndroidManifest.xml:19:5-51:19
	android:label
		ADDED from src\main\AndroidManifest.xml:21:9-41
	android:icon
		ADDED from src\main\AndroidManifest.xml:20:9-38
	android:name
		ADDED from src\main\AndroidManifest.xml:22:9-35
activity#android_serialport_api.sample.ConsoleActivity
ADDED from src\main\AndroidManifest.xml:23:9-32:20
	android:label
		ADDED from src\main\AndroidManifest.xml:24:13-45
	android:launchMode
		ADDED from src\main\AndroidManifest.xml:26:13-48
	android:name
		ADDED from src\main\AndroidManifest.xml:25:13-43
intent-filter#android.intent.action.MAIN+android.intent.category.LAUNCHER
ADDED from src\main\AndroidManifest.xml:28:13-31:30
action#android.intent.action.MAIN
ADDED from src\main\AndroidManifest.xml:29:17-69
	android:name
		ADDED from src\main\AndroidManifest.xml:29:25-66
category#android.intent.category.LAUNCHER
ADDED from src\main\AndroidManifest.xml:30:17-77
	android:name
		ADDED from src\main\AndroidManifest.xml:30:27-74
receiver#android_serialport_api.sample.BootBroadcastReceiver
ADDED from src\main\AndroidManifest.xml:34:9-38:14
	android:name
		ADDED from src\main\AndroidManifest.xml:34:19-56
intent-filter#android.intent.action.BOOT_COMPLETED
ADDED from src\main\AndroidManifest.xml:35:5-37:22
action#android.intent.action.BOOT_COMPLETED
ADDED from src\main\AndroidManifest.xml:36:7-69
	android:name
		ADDED from src\main\AndroidManifest.xml:36:15-66
service#android_serialport_api.sample.ConsoleService
ADDED from src\main\AndroidManifest.xml:40:9-59
	android:name
		ADDED from src\main\AndroidManifest.xml:40:18-48
activity#android_serialport_api.sample.SerialPortPreferences
ADDED from src\main\AndroidManifest.xml:43:9-44:20
	android:name
		ADDED from src\main\AndroidManifest.xml:43:19-55
activity#android_serialport_api.sample.Sending01010101Activity
ADDED from src\main\AndroidManifest.xml:49:9-69
	android:name
		ADDED from src\main\AndroidManifest.xml:49:19-57
uses-sdk
ADDED from src\main\AndroidManifest.xml:53:5-43
INJECTED from src\main\AndroidManifest.xml:53:5-43
INJECTED from src\main\AndroidManifest.xml:53:5-43
INJECTED from src\main\AndroidManifest.xml:53:5-43
INJECTED from src\main\AndroidManifest.xml:53:5-43
	android:targetSdkVersion
		INJECTED from src\main\AndroidManifest.xml
		ADDED from src\main\AndroidManifest.xml:53:5-43
		INJECTED from src\main\AndroidManifest.xml
	android:minSdkVersion
		ADDED from src\main\AndroidManifest.xml:53:15-40
		INJECTED from src\main\AndroidManifest.xml
		INJECTED from src\main\AndroidManifest.xml